#-----------------------------------------------------------
# Vivado v2018.2 (64-bit)
# SW Build 2258646 on Thu Jun 14 20:03:12 MDT 2018
# IP Build 2256618 on Thu Jun 14 22:10:49 MDT 2018
# Start of session at: Wed May  8 23:31:32 2024
# Process ID: 10972
# Current directory: D:/micro_projects/project_5
# Command line: vivado.exe -gui_launcher_event rodinguilauncherevent7272 D:\micro_projects\project_5\project_5.xpr
# Log file: D:/micro_projects/project_5/vivado.log
# Journal file: D:/micro_projects/project_5\vivado.jou
#-----------------------------------------------------------
start_gui
open_project D:/micro_projects/project_5/project_5.xpr
Scanning sources...
Finished scanning sources
INFO: [IP_Flow 19-234] Refreshing IP repositories
INFO: [IP_Flow 19-1704] No user IP repositories specified
INFO: [IP_Flow 19-2313] Loaded Vivado IP repository 'D:/Xilinxx/Vivado/2018.2/data/ip'.
open_project: Time (s): cpu = 00:00:17 ; elapsed = 00:00:12 . Memory (MB): peak = 870.266 ; gain = 143.957
update_compile_order -fileset sources_1
exit
INFO: [Common 17-206] Exiting Vivado at Thu May  9 00:58:32 2024...
